<?xml version="1.0" encoding="UTF-8"?>
<testsuite xmlns:xsi="http://www.w3.org/2001/XMLSchema-instance" xsi:noNamespaceSchemaLocation="https://maven.apache.org/surefire/maven-surefire-plugin/xsd/surefire-test-report.xsd" name="com.security.SecurityApplicationTests" time="38.129" tests="1" errors="0" skipped="0" failures="0">
  <properties>
    <property name="sun.desktop" value="windows"/>
    <property name="awt.toolkit" value="sun.awt.windows.WToolkit"/>
    <property name="file.encoding.pkg" value="sun.io"/>
    <property name="java.specification.version" value="1.8"/>
    <property name="sun.cpu.isalist" value="amd64"/>
    <property name="sun.jnu.encoding" value="GBK"/>
    <property name="java.class.path" value="G:\workspace\spring_security\security\target\test-classes;G:\workspace\spring_security\security\target\classes;G:\Java\apache-maven-3.6.3\repository\org\springframework\boot\spring-boot-starter-security\2.1.16.RELEASE\spring-boot-starter-security-2.1.16.RELEASE.jar;G:\Java\apache-maven-3.6.3\repository\org\springframework\boot\spring-boot-starter\2.1.16.RELEASE\spring-boot-starter-2.1.16.RELEASE.jar;G:\Java\apache-maven-3.6.3\repository\org\springframework\boot\spring-boot\2.1.16.RELEASE\spring-boot-2.1.16.RELEASE.jar;G:\Java\apache-maven-3.6.3\repository\org\springframework\boot\spring-boot-autoconfigure\2.1.16.RELEASE\spring-boot-autoconfigure-2.1.16.RELEASE.jar;G:\Java\apache-maven-3.6.3\repository\org\springframework\boot\spring-boot-starter-logging\2.1.16.RELEASE\spring-boot-starter-logging-2.1.16.RELEASE.jar;G:\Java\apache-maven-3.6.3\repository\ch\qos\logback\logback-classic\1.2.3\logback-classic-1.2.3.jar;G:\Java\apache-maven-3.6.3\repository\ch\qos\logback\logback-core\1.2.3\logback-core-1.2.3.jar;G:\Java\apache-maven-3.6.3\repository\org\apache\logging\log4j\log4j-to-slf4j\2.11.2\log4j-to-slf4j-2.11.2.jar;G:\Java\apache-maven-3.6.3\repository\org\apache\logging\log4j\log4j-api\2.11.2\log4j-api-2.11.2.jar;G:\Java\apache-maven-3.6.3\repository\org\slf4j\jul-to-slf4j\1.7.30\jul-to-slf4j-1.7.30.jar;G:\Java\apache-maven-3.6.3\repository\javax\annotation\javax.annotation-api\1.3.2\javax.annotation-api-1.3.2.jar;G:\Java\apache-maven-3.6.3\repository\org\yaml\snakeyaml\1.23\snakeyaml-1.23.jar;G:\Java\apache-maven-3.6.3\repository\org\springframework\spring-aop\5.1.17.RELEASE\spring-aop-5.1.17.RELEASE.jar;G:\Java\apache-maven-3.6.3\repository\org\springframework\spring-beans\5.1.17.RELEASE\spring-beans-5.1.17.RELEASE.jar;G:\Java\apache-maven-3.6.3\repository\org\springframework\security\spring-security-config\5.1.11.RELEASE\spring-security-config-5.1.11.RELEASE.jar;G:\Java\apache-maven-3.6.3\repository\org\springframework\spring-context\5.1.17.RELEASE\spring-context-5.1.17.RELEASE.jar;G:\Java\apache-maven-3.6.3\repository\org\springframework\security\spring-security-web\5.1.11.RELEASE\spring-security-web-5.1.11.RELEASE.jar;G:\Java\apache-maven-3.6.3\repository\org\springframework\spring-expression\5.1.17.RELEASE\spring-expression-5.1.17.RELEASE.jar;G:\Java\apache-maven-3.6.3\repository\org\thymeleaf\extras\thymeleaf-extras-springsecurity5\3.0.4.RELEASE\thymeleaf-extras-springsecurity5-3.0.4.RELEASE.jar;G:\Java\apache-maven-3.6.3\repository\org\slf4j\slf4j-api\1.7.30\slf4j-api-1.7.30.jar;G:\Java\apache-maven-3.6.3\repository\org\springframework\boot\spring-boot-starter-thymeleaf\2.1.16.RELEASE\spring-boot-starter-thymeleaf-2.1.16.RELEASE.jar;G:\Java\apache-maven-3.6.3\repository\org\thymeleaf\thymeleaf-spring5\3.0.11.RELEASE\thymeleaf-spring5-3.0.11.RELEASE.jar;G:\Java\apache-maven-3.6.3\repository\org\thymeleaf\thymeleaf\3.0.11.RELEASE\thymeleaf-3.0.11.RELEASE.jar;G:\Java\apache-maven-3.6.3\repository\org\attoparser\attoparser\2.0.5.RELEASE\attoparser-2.0.5.RELEASE.jar;G:\Java\apache-maven-3.6.3\repository\org\unbescape\unbescape\1.1.6.RELEASE\unbescape-1.1.6.RELEASE.jar;G:\Java\apache-maven-3.6.3\repository\org\thymeleaf\extras\thymeleaf-extras-java8time\3.0.4.RELEASE\thymeleaf-extras-java8time-3.0.4.RELEASE.jar;G:\Java\apache-maven-3.6.3\repository\org\springframework\boot\spring-boot-starter-web\2.1.16.RELEASE\spring-boot-starter-web-2.1.16.RELEASE.jar;G:\Java\apache-maven-3.6.3\repository\org\springframework\boot\spring-boot-starter-json\2.1.16.RELEASE\spring-boot-starter-json-2.1.16.RELEASE.jar;G:\Java\apache-maven-3.6.3\repository\com\fasterxml\jackson\core\jackson-databind\2.9.10.5\jackson-databind-2.9.10.5.jar;G:\Java\apache-maven-3.6.3\repository\com\fasterxml\jackson\core\jackson-annotations\2.9.10\jackson-annotations-2.9.10.jar;G:\Java\apache-maven-3.6.3\repository\com\fasterxml\jackson\core\jackson-core\2.9.10\jackson-core-2.9.10.jar;G:\Java\apache-maven-3.6.3\repository\com\fasterxml\jackson\datatype\jackson-datatype-jdk8\2.9.10\jackson-datatype-jdk8-2.9.10.jar;G:\Java\apache-maven-3.6.3\repository\com\fasterxml\jackson\datatype\jackson-datatype-jsr310\2.9.10\jackson-datatype-jsr310-2.9.10.jar;G:\Java\apache-maven-3.6.3\repository\com\fasterxml\jackson\module\jackson-module-parameter-names\2.9.10\jackson-module-parameter-names-2.9.10.jar;G:\Java\apache-maven-3.6.3\repository\org\springframework\boot\spring-boot-starter-tomcat\2.1.16.RELEASE\spring-boot-starter-tomcat-2.1.16.RELEASE.jar;G:\Java\apache-maven-3.6.3\repository\org\apache\tomcat\embed\tomcat-embed-core\9.0.37\tomcat-embed-core-9.0.37.jar;G:\Java\apache-maven-3.6.3\repository\org\apache\tomcat\embed\tomcat-embed-el\9.0.37\tomcat-embed-el-9.0.37.jar;G:\Java\apache-maven-3.6.3\repository\org\apache\tomcat\embed\tomcat-embed-websocket\9.0.37\tomcat-embed-websocket-9.0.37.jar;G:\Java\apache-maven-3.6.3\repository\org\hibernate\validator\hibernate-validator\6.0.20.Final\hibernate-validator-6.0.20.Final.jar;G:\Java\apache-maven-3.6.3\repository\javax\validation\validation-api\2.0.1.Final\validation-api-2.0.1.Final.jar;G:\Java\apache-maven-3.6.3\repository\org\jboss\logging\jboss-logging\3.3.3.Final\jboss-logging-3.3.3.Final.jar;G:\Java\apache-maven-3.6.3\repository\com\fasterxml\classmate\1.4.0\classmate-1.4.0.jar;G:\Java\apache-maven-3.6.3\repository\org\springframework\spring-web\5.1.17.RELEASE\spring-web-5.1.17.RELEASE.jar;G:\Java\apache-maven-3.6.3\repository\org\springframework\spring-webmvc\5.1.17.RELEASE\spring-webmvc-5.1.17.RELEASE.jar;G:\Java\apache-maven-3.6.3\repository\org\mybatis\spring\boot\mybatis-spring-boot-starter\1.3.2\mybatis-spring-boot-starter-1.3.2.jar;G:\Java\apache-maven-3.6.3\repository\org\springframework\boot\spring-boot-starter-jdbc\2.1.16.RELEASE\spring-boot-starter-jdbc-2.1.16.RELEASE.jar;G:\Java\apache-maven-3.6.3\repository\com\zaxxer\HikariCP\3.2.0\HikariCP-3.2.0.jar;G:\Java\apache-maven-3.6.3\repository\org\springframework\spring-jdbc\5.1.17.RELEASE\spring-jdbc-5.1.17.RELEASE.jar;G:\Java\apache-maven-3.6.3\repository\org\springframework\spring-tx\5.1.17.RELEASE\spring-tx-5.1.17.RELEASE.jar;G:\Java\apache-maven-3.6.3\repository\org\mybatis\spring\boot\mybatis-spring-boot-autoconfigure\1.3.2\mybatis-spring-boot-autoconfigure-1.3.2.jar;G:\Java\apache-maven-3.6.3\repository\org\mybatis\mybatis\3.4.6\mybatis-3.4.6.jar;G:\Java\apache-maven-3.6.3\repository\org\mybatis\mybatis-spring\1.3.2\mybatis-spring-1.3.2.jar;G:\Java\apache-maven-3.6.3\repository\mysql\mysql-connector-java\8.0.21\mysql-connector-java-8.0.21.jar;G:\Java\apache-maven-3.6.3\repository\org\springframework\boot\spring-boot-starter-test\2.1.16.RELEASE\spring-boot-starter-test-2.1.16.RELEASE.jar;G:\Java\apache-maven-3.6.3\repository\org\springframework\boot\spring-boot-test\2.1.16.RELEASE\spring-boot-test-2.1.16.RELEASE.jar;G:\Java\apache-maven-3.6.3\repository\org\springframework\boot\spring-boot-test-autoconfigure\2.1.16.RELEASE\spring-boot-test-autoconfigure-2.1.16.RELEASE.jar;G:\Java\apache-maven-3.6.3\repository\com\jayway\jsonpath\json-path\2.4.0\json-path-2.4.0.jar;G:\Java\apache-maven-3.6.3\repository\net\minidev\json-smart\2.3\json-smart-2.3.jar;G:\Java\apache-maven-3.6.3\repository\net\minidev\accessors-smart\1.2\accessors-smart-1.2.jar;G:\Java\apache-maven-3.6.3\repository\org\ow2\asm\asm\5.0.4\asm-5.0.4.jar;G:\Java\apache-maven-3.6.3\repository\junit\junit\4.12\junit-4.12.jar;G:\Java\apache-maven-3.6.3\repository\org\assertj\assertj-core\3.11.1\assertj-core-3.11.1.jar;G:\Java\apache-maven-3.6.3\repository\org\mockito\mockito-core\2.23.4\mockito-core-2.23.4.jar;G:\Java\apache-maven-3.6.3\repository\net\bytebuddy\byte-buddy\1.9.16\byte-buddy-1.9.16.jar;G:\Java\apache-maven-3.6.3\repository\net\bytebuddy\byte-buddy-agent\1.9.16\byte-buddy-agent-1.9.16.jar;G:\Java\apache-maven-3.6.3\repository\org\objenesis\objenesis\2.6\objenesis-2.6.jar;G:\Java\apache-maven-3.6.3\repository\org\hamcrest\hamcrest-core\1.3\hamcrest-core-1.3.jar;G:\Java\apache-maven-3.6.3\repository\org\hamcrest\hamcrest-library\1.3\hamcrest-library-1.3.jar;G:\Java\apache-maven-3.6.3\repository\org\skyscreamer\jsonassert\1.5.0\jsonassert-1.5.0.jar;G:\Java\apache-maven-3.6.3\repository\com\vaadin\external\google\android-json\0.0.20131108.vaadin1\android-json-0.0.20131108.vaadin1.jar;G:\Java\apache-maven-3.6.3\repository\org\springframework\spring-core\5.1.17.RELEASE\spring-core-5.1.17.RELEASE.jar;G:\Java\apache-maven-3.6.3\repository\org\springframework\spring-jcl\5.1.17.RELEASE\spring-jcl-5.1.17.RELEASE.jar;G:\Java\apache-maven-3.6.3\repository\org\springframework\spring-test\5.1.17.RELEASE\spring-test-5.1.17.RELEASE.jar;G:\Java\apache-maven-3.6.3\repository\org\xmlunit\xmlunit-core\2.6.4\xmlunit-core-2.6.4.jar;G:\Java\apache-maven-3.6.3\repository\org\springframework\security\spring-security-test\5.1.11.RELEASE\spring-security-test-5.1.11.RELEASE.jar;G:\Java\apache-maven-3.6.3\repository\org\springframework\security\spring-security-core\5.1.11.RELEASE\spring-security-core-5.1.11.RELEASE.jar;"/>
    <property name="java.vm.vendor" value="Oracle Corporation"/>
    <property name="sun.arch.data.model" value="64"/>
    <property name="user.variant" value=""/>
    <property name="java.vendor.url" value="http://java.oracle.com/"/>
    <property name="user.timezone" value="Asia/Shanghai"/>
    <property name="java.vm.specification.version" value="1.8"/>
    <property name="os.name" value="Windows 10"/>
    <property name="user.country" value="CN"/>
    <property name="sun.java.launcher" value="SUN_STANDARD"/>
    <property name="sun.boot.library.path" value="G:\Java\jdk1.8.0_181\jre\bin"/>
    <property name="sun.java.command" value="C:\Users\Administrator\AppData\Local\Temp\surefire9128808755919025497\surefirebooter5496410981889093155.jar C:\Users\Administrator\AppData\Local\Temp\surefire9128808755919025497 2020-11-29T15-49-52_551-jvmRun1 surefire607347668562852609tmp surefire_0308103526557279268tmp"/>
    <property name="surefire.test.class.path" value="G:\workspace\spring_security\security\target\test-classes;G:\workspace\spring_security\security\target\classes;G:\Java\apache-maven-3.6.3\repository\org\springframework\boot\spring-boot-starter-security\2.1.16.RELEASE\spring-boot-starter-security-2.1.16.RELEASE.jar;G:\Java\apache-maven-3.6.3\repository\org\springframework\boot\spring-boot-starter\2.1.16.RELEASE\spring-boot-starter-2.1.16.RELEASE.jar;G:\Java\apache-maven-3.6.3\repository\org\springframework\boot\spring-boot\2.1.16.RELEASE\spring-boot-2.1.16.RELEASE.jar;G:\Java\apache-maven-3.6.3\repository\org\springframework\boot\spring-boot-autoconfigure\2.1.16.RELEASE\spring-boot-autoconfigure-2.1.16.RELEASE.jar;G:\Java\apache-maven-3.6.3\repository\org\springframework\boot\spring-boot-starter-logging\2.1.16.RELEASE\spring-boot-starter-logging-2.1.16.RELEASE.jar;G:\Java\apache-maven-3.6.3\repository\ch\qos\logback\logback-classic\1.2.3\logback-classic-1.2.3.jar;G:\Java\apache-maven-3.6.3\repository\ch\qos\logback\logback-core\1.2.3\logback-core-1.2.3.jar;G:\Java\apache-maven-3.6.3\repository\org\apache\logging\log4j\log4j-to-slf4j\2.11.2\log4j-to-slf4j-2.11.2.jar;G:\Java\apache-maven-3.6.3\repository\org\apache\logging\log4j\log4j-api\2.11.2\log4j-api-2.11.2.jar;G:\Java\apache-maven-3.6.3\repository\org\slf4j\jul-to-slf4j\1.7.30\jul-to-slf4j-1.7.30.jar;G:\Java\apache-maven-3.6.3\repository\javax\annotation\javax.annotation-api\1.3.2\javax.annotation-api-1.3.2.jar;G:\Java\apache-maven-3.6.3\repository\org\yaml\snakeyaml\1.23\snakeyaml-1.23.jar;G:\Java\apache-maven-3.6.3\repository\org\springframework\spring-aop\5.1.17.RELEASE\spring-aop-5.1.17.RELEASE.jar;G:\Java\apache-maven-3.6.3\repository\org\springframework\spring-beans\5.1.17.RELEASE\spring-beans-5.1.17.RELEASE.jar;G:\Java\apache-maven-3.6.3\repository\org\springframework\security\spring-security-config\5.1.11.RELEASE\spring-security-config-5.1.11.RELEASE.jar;G:\Java\apache-maven-3.6.3\repository\org\springframework\spring-context\5.1.17.RELEASE\spring-context-5.1.17.RELEASE.jar;G:\Java\apache-maven-3.6.3\repository\org\springframework\security\spring-security-web\5.1.11.RELEASE\spring-security-web-5.1.11.RELEASE.jar;G:\Java\apache-maven-3.6.3\repository\org\springframework\spring-expression\5.1.17.RELEASE\spring-expression-5.1.17.RELEASE.jar;G:\Java\apache-maven-3.6.3\repository\org\thymeleaf\extras\thymeleaf-extras-springsecurity5\3.0.4.RELEASE\thymeleaf-extras-springsecurity5-3.0.4.RELEASE.jar;G:\Java\apache-maven-3.6.3\repository\org\slf4j\slf4j-api\1.7.30\slf4j-api-1.7.30.jar;G:\Java\apache-maven-3.6.3\repository\org\springframework\boot\spring-boot-starter-thymeleaf\2.1.16.RELEASE\spring-boot-starter-thymeleaf-2.1.16.RELEASE.jar;G:\Java\apache-maven-3.6.3\repository\org\thymeleaf\thymeleaf-spring5\3.0.11.RELEASE\thymeleaf-spring5-3.0.11.RELEASE.jar;G:\Java\apache-maven-3.6.3\repository\org\thymeleaf\thymeleaf\3.0.11.RELEASE\thymeleaf-3.0.11.RELEASE.jar;G:\Java\apache-maven-3.6.3\repository\org\attoparser\attoparser\2.0.5.RELEASE\attoparser-2.0.5.RELEASE.jar;G:\Java\apache-maven-3.6.3\repository\org\unbescape\unbescape\1.1.6.RELEASE\unbescape-1.1.6.RELEASE.jar;G:\Java\apache-maven-3.6.3\repository\org\thymeleaf\extras\thymeleaf-extras-java8time\3.0.4.RELEASE\thymeleaf-extras-java8time-3.0.4.RELEASE.jar;G:\Java\apache-maven-3.6.3\repository\org\springframework\boot\spring-boot-starter-web\2.1.16.RELEASE\spring-boot-starter-web-2.1.16.RELEASE.jar;G:\Java\apache-maven-3.6.3\repository\org\springframework\boot\spring-boot-starter-json\2.1.16.RELEASE\spring-boot-starter-json-2.1.16.RELEASE.jar;G:\Java\apache-maven-3.6.3\repository\com\fasterxml\jackson\core\jackson-databind\2.9.10.5\jackson-databind-2.9.10.5.jar;G:\Java\apache-maven-3.6.3\repository\com\fasterxml\jackson\core\jackson-annotations\2.9.10\jackson-annotations-2.9.10.jar;G:\Java\apache-maven-3.6.3\repository\com\fasterxml\jackson\core\jackson-core\2.9.10\jackson-core-2.9.10.jar;G:\Java\apache-maven-3.6.3\repository\com\fasterxml\jackson\datatype\jackson-datatype-jdk8\2.9.10\jackson-datatype-jdk8-2.9.10.jar;G:\Java\apache-maven-3.6.3\repository\com\fasterxml\jackson\datatype\jackson-datatype-jsr310\2.9.10\jackson-datatype-jsr310-2.9.10.jar;G:\Java\apache-maven-3.6.3\repository\com\fasterxml\jackson\module\jackson-module-parameter-names\2.9.10\jackson-module-parameter-names-2.9.10.jar;G:\Java\apache-maven-3.6.3\repository\org\springframework\boot\spring-boot-starter-tomcat\2.1.16.RELEASE\spring-boot-starter-tomcat-2.1.16.RELEASE.jar;G:\Java\apache-maven-3.6.3\repository\org\apache\tomcat\embed\tomcat-embed-core\9.0.37\tomcat-embed-core-9.0.37.jar;G:\Java\apache-maven-3.6.3\repository\org\apache\tomcat\embed\tomcat-embed-el\9.0.37\tomcat-embed-el-9.0.37.jar;G:\Java\apache-maven-3.6.3\repository\org\apache\tomcat\embed\tomcat-embed-websocket\9.0.37\tomcat-embed-websocket-9.0.37.jar;G:\Java\apache-maven-3.6.3\repository\org\hibernate\validator\hibernate-validator\6.0.20.Final\hibernate-validator-6.0.20.Final.jar;G:\Java\apache-maven-3.6.3\repository\javax\validation\validation-api\2.0.1.Final\validation-api-2.0.1.Final.jar;G:\Java\apache-maven-3.6.3\repository\org\jboss\logging\jboss-logging\3.3.3.Final\jboss-logging-3.3.3.Final.jar;G:\Java\apache-maven-3.6.3\repository\com\fasterxml\classmate\1.4.0\classmate-1.4.0.jar;G:\Java\apache-maven-3.6.3\repository\org\springframework\spring-web\5.1.17.RELEASE\spring-web-5.1.17.RELEASE.jar;G:\Java\apache-maven-3.6.3\repository\org\springframework\spring-webmvc\5.1.17.RELEASE\spring-webmvc-5.1.17.RELEASE.jar;G:\Java\apache-maven-3.6.3\repository\org\mybatis\spring\boot\mybatis-spring-boot-starter\1.3.2\mybatis-spring-boot-starter-1.3.2.jar;G:\Java\apache-maven-3.6.3\repository\org\springframework\boot\spring-boot-starter-jdbc\2.1.16.RELEASE\spring-boot-starter-jdbc-2.1.16.RELEASE.jar;G:\Java\apache-maven-3.6.3\repository\com\zaxxer\HikariCP\3.2.0\HikariCP-3.2.0.jar;G:\Java\apache-maven-3.6.3\repository\org\springframework\spring-jdbc\5.1.17.RELEASE\spring-jdbc-5.1.17.RELEASE.jar;G:\Java\apache-maven-3.6.3\repository\org\springframework\spring-tx\5.1.17.RELEASE\spring-tx-5.1.17.RELEASE.jar;G:\Java\apache-maven-3.6.3\repository\org\mybatis\spring\boot\mybatis-spring-boot-autoconfigure\1.3.2\mybatis-spring-boot-autoconfigure-1.3.2.jar;G:\Java\apache-maven-3.6.3\repository\org\mybatis\mybatis\3.4.6\mybatis-3.4.6.jar;G:\Java\apache-maven-3.6.3\repository\org\mybatis\mybatis-spring\1.3.2\mybatis-spring-1.3.2.jar;G:\Java\apache-maven-3.6.3\repository\mysql\mysql-connector-java\8.0.21\mysql-connector-java-8.0.21.jar;G:\Java\apache-maven-3.6.3\repository\org\springframework\boot\spring-boot-starter-test\2.1.16.RELEASE\spring-boot-starter-test-2.1.16.RELEASE.jar;G:\Java\apache-maven-3.6.3\repository\org\springframework\boot\spring-boot-test\2.1.16.RELEASE\spring-boot-test-2.1.16.RELEASE.jar;G:\Java\apache-maven-3.6.3\repository\org\springframework\boot\spring-boot-test-autoconfigure\2.1.16.RELEASE\spring-boot-test-autoconfigure-2.1.16.RELEASE.jar;G:\Java\apache-maven-3.6.3\repository\com\jayway\jsonpath\json-path\2.4.0\json-path-2.4.0.jar;G:\Java\apache-maven-3.6.3\repository\net\minidev\json-smart\2.3\json-smart-2.3.jar;G:\Java\apache-maven-3.6.3\repository\net\minidev\accessors-smart\1.2\accessors-smart-1.2.jar;G:\Java\apache-maven-3.6.3\repository\org\ow2\asm\asm\5.0.4\asm-5.0.4.jar;G:\Java\apache-maven-3.6.3\repository\junit\junit\4.12\junit-4.12.jar;G:\Java\apache-maven-3.6.3\repository\org\assertj\assertj-core\3.11.1\assertj-core-3.11.1.jar;G:\Java\apache-maven-3.6.3\repository\org\mockito\mockito-core\2.23.4\mockito-core-2.23.4.jar;G:\Java\apache-maven-3.6.3\repository\net\bytebuddy\byte-buddy\1.9.16\byte-buddy-1.9.16.jar;G:\Java\apache-maven-3.6.3\repository\net\bytebuddy\byte-buddy-agent\1.9.16\byte-buddy-agent-1.9.16.jar;G:\Java\apache-maven-3.6.3\repository\org\objenesis\objenesis\2.6\objenesis-2.6.jar;G:\Java\apache-maven-3.6.3\repository\org\hamcrest\hamcrest-core\1.3\hamcrest-core-1.3.jar;G:\Java\apache-maven-3.6.3\repository\org\hamcrest\hamcrest-library\1.3\hamcrest-library-1.3.jar;G:\Java\apache-maven-3.6.3\repository\org\skyscreamer\jsonassert\1.5.0\jsonassert-1.5.0.jar;G:\Java\apache-maven-3.6.3\repository\com\vaadin\external\google\android-json\0.0.20131108.vaadin1\android-json-0.0.20131108.vaadin1.jar;G:\Java\apache-maven-3.6.3\repository\org\springframework\spring-core\5.1.17.RELEASE\spring-core-5.1.17.RELEASE.jar;G:\Java\apache-maven-3.6.3\repository\org\springframework\spring-jcl\5.1.17.RELEASE\spring-jcl-5.1.17.RELEASE.jar;G:\Java\apache-maven-3.6.3\repository\org\springframework\spring-test\5.1.17.RELEASE\spring-test-5.1.17.RELEASE.jar;G:\Java\apache-maven-3.6.3\repository\org\xmlunit\xmlunit-core\2.6.4\xmlunit-core-2.6.4.jar;G:\Java\apache-maven-3.6.3\repository\org\springframework\security\spring-security-test\5.1.11.RELEASE\spring-security-test-5.1.11.RELEASE.jar;G:\Java\apache-maven-3.6.3\repository\org\springframework\security\spring-security-core\5.1.11.RELEASE\spring-security-core-5.1.11.RELEASE.jar;"/>
    <property name="sun.cpu.endian" value="little"/>
    <property name="user.home" value="C:\Users\Administrator"/>
    <property name="user.language" value="zh"/>
    <property name="java.specification.vendor" value="Oracle Corporation"/>
    <property name="java.home" value="G:\Java\jdk1.8.0_181\jre"/>
    <property name="basedir" value="G:\workspace\spring_security\security"/>
    <property name="file.separator" value="\"/>
    <property name="line.separator" value="&#10;"/>
    <property name="java.vm.specification.vendor" value="Oracle Corporation"/>
    <property name="java.specification.name" value="Java Platform API Specification"/>
    <property name="java.awt.graphicsenv" value="sun.awt.Win32GraphicsEnvironment"/>
    <property name="surefire.real.class.path" value="C:\Users\Administrator\AppData\Local\Temp\surefire9128808755919025497\surefirebooter5496410981889093155.jar"/>
    <property name="sun.boot.class.path" value="G:\Java\jdk1.8.0_181\jre\lib\resources.jar;G:\Java\jdk1.8.0_181\jre\lib\rt.jar;G:\Java\jdk1.8.0_181\jre\lib\sunrsasign.jar;G:\Java\jdk1.8.0_181\jre\lib\jsse.jar;G:\Java\jdk1.8.0_181\jre\lib\jce.jar;G:\Java\jdk1.8.0_181\jre\lib\charsets.jar;G:\Java\jdk1.8.0_181\jre\lib\jfr.jar;G:\Java\jdk1.8.0_181\jre\classes"/>
    <property name="user.script" value=""/>
    <property name="sun.management.compiler" value="HotSpot 64-Bit Tiered Compilers"/>
    <property name="java.runtime.version" value="1.8.0_181-b13"/>
    <property name="user.name" value="Administrator"/>
    <property name="path.separator" value=";"/>
    <property name="os.version" value="10.0"/>
    <property name="java.endorsed.dirs" value="G:\Java\jdk1.8.0_181\jre\lib\endorsed"/>
    <property name="java.runtime.name" value="Java(TM) SE Runtime Environment"/>
    <property name="file.encoding" value="GBK"/>
    <property name="java.vm.name" value="Java HotSpot(TM) 64-Bit Server VM"/>
    <property name="localRepository" value="G:\Java\apache-maven-3.6.3\repository"/>
    <property name="java.vendor.url.bug" value="http://bugreport.sun.com/bugreport/"/>
    <property name="java.io.tmpdir" value="C:\Users\Administrator\AppData\Local\Temp\"/>
    <property name="java.version" value="1.8.0_181"/>
    <property name="user.dir" value="G:\workspace\spring_security\security"/>
    <property name="os.arch" value="amd64"/>
    <property name="java.vm.specification.name" value="Java Virtual Machine Specification"/>
    <property name="java.awt.printerjob" value="sun.awt.windows.WPrinterJob"/>
    <property name="idea.version2019.3.1" value="true"/>
    <property name="sun.os.patch.level" value=""/>
    <property name="java.library.path" value="G:\Java\jdk1.8.0_181\jre\bin;C:\windows\Sun\Java\bin;C:\windows\system32;C:\windows;C:\Program Files (x86)\Common Files\Oracle\Java\javapath;C:\windows\system32;C:\windows;C:\windows\System32\Wbem;C:\windows\System32\WindowsPowerShell\v1.0\;G:\Java\jdk1.8.0_181\bin;G:\Java\jdk1.8.0_181\jre\bin;G:\Java\apache-maven-3.6.3\bin;E:\EclipseTool\Tomcat\apache-tomcat-7.0.52\bin;G:\Git\cmd;C:\Program Files (x86)\SSH Communications Security\SSH Secure Shell;."/>
    <property name="java.vm.info" value="mixed mode"/>
    <property name="java.vendor" value="Oracle Corporation"/>
    <property name="java.vm.version" value="25.181-b13"/>
    <property name="java.ext.dirs" value="G:\Java\jdk1.8.0_181\jre\lib\ext;C:\windows\Sun\Java\lib\ext"/>
    <property name="sun.io.unicode.encoding" value="UnicodeLittle"/>
    <property name="java.class.version" value="52.0"/>
  </properties>
  <testcase name="contextLoads" classname="com.security.SecurityApplicationTests" time="1.962"/>
</testsuite>